2023-10-03 12:40:30,839 [ERROR] trainer5/trainer5.py Failed to reconnect: Already connected
Traceback (most recent call last):
  File "/Users/miguellopes/Documents/pod-trader/trainer5/trainer5.py", line 102, in disconnect
    sio.connect('http://localhost:5678')
  File "/Users/miguellopes/miniforge3/envs/trader/lib/python3.10/site-packages/socketio/client.py", line 306, in connect
    raise exceptions.ConnectionError('Already connected')
socketio.exceptions.ConnectionError: Already connected
2023-10-03 12:40:32,598 [WARNING] Namespace error occurred: / is not a connected namespace.
2023-10-03 14:15:41,370 [ERROR] packet queue is empty, aborting
2023-10-03 17:16:50,056 [ERROR] packet queue is empty, aborting
2023-10-03 17:23:00,229 [INFO] 
| `step`: Number of samples, or total training steps, or running times of `env.step()`.
| `time`: Time spent from the start of training to this moment.
| `avgR`: Average value of cumulative rewards, which is the sum of rewards in an episode.
| `stdR`: Standard dev of cumulative rewards, which is the sum of rewards in an episode.
| `avgS`: Average of steps in an episode.
| `objC`: Objective of Critic network. Or call it loss function of critic network.
| `objA`: Objective of Actor network. It is the average Q value of the critic network.
|     step      time  |     avgR    stdR    avgS  |     objC      objA
2023-10-03 17:24:51,932 [INFO] | 2.00e+04       112  |     0.00    0.00  200000  |     0.00      0.00
2023-10-03 17:26:42,511 [INFO] | 4.00e+04       222  |     0.00    0.00  200000  |     0.00      0.01
2023-10-03 17:28:34,621 [INFO] | 6.00e+04       334  |     0.00    0.00  200000  |     0.00      0.01
2023-10-03 17:30:29,886 [INFO] | 8.00e+04       450  |     0.00    0.00  200000  |     0.00      0.02
2023-10-03 17:32:22,426 [INFO] | 1.00e+05       562  |     0.00    0.00  200000  |     0.00      0.01
2023-10-03 17:34:48,271 [INFO] 
| `step`: Number of samples, or total training steps, or running times of `env.step()`.
| `time`: Time spent from the start of training to this moment.
| `avgR`: Average value of cumulative rewards, which is the sum of rewards in an episode.
| `stdR`: Standard dev of cumulative rewards, which is the sum of rewards in an episode.
| `avgS`: Average of steps in an episode.
| `objC`: Objective of Critic network. Or call it loss function of critic network.
| `objA`: Objective of Actor network. It is the average Q value of the critic network.
|     step      time  |     avgR    stdR    avgS  |     objC      objA
2023-10-03 17:36:42,938 [INFO] | 2.00e+04       115  |   -79.57    2.26  200000  |     0.21      0.01
2023-10-03 17:38:36,687 [INFO] | 4.00e+04       228  |   -75.51    1.94  200000  |     0.29      0.01
2023-10-03 17:40:35,030 [INFO] | 6.00e+04       347  |   -77.27    1.63  200000  |     0.31      0.02
2023-10-03 17:42:33,278 [INFO] | 8.00e+04       465  |   -76.09    1.76  200000  |     0.13      0.03
2023-10-03 17:44:31,039 [INFO] | 1.00e+05       583  |   -77.10    2.46  200000  |     0.22      0.01
2023-10-05 10:36:39,692 [INFO] 
| `step`: Number of samples, or total training steps, or running times of `env.step()`.
| `time`: Time spent from the start of training to this moment.
| `avgR`: Average value of cumulative rewards, which is the sum of rewards in an episode.
| `stdR`: Standard dev of cumulative rewards, which is the sum of rewards in an episode.
| `avgS`: Average of steps in an episode.
| `objC`: Objective of Critic network. Or call it loss function of critic network.
| `objA`: Objective of Actor network. It is the average Q value of the critic network.
|     step      time  |     avgR    stdR    avgS  |     objC      objA
2023-10-05 10:40:49,533 [INFO] | 2.00e+04       250  |    17.99    6.26  200000  |     0.00      0.45
2023-10-05 10:45:09,516 [INFO] | 4.00e+04       510  |    12.83    3.35  200000  |     0.00      0.43
2023-10-05 10:49:19,333 [INFO] | 6.00e+04       760  |    22.27   10.60  200000  |     0.00      0.42
2023-10-05 10:53:24,159 [INFO] | 8.00e+04      1004  |    35.80    5.51  200000  |     0.00      0.45
2023-10-05 10:57:27,112 [INFO] | 1.00e+05      1247  |    72.36   29.28  200000  |     0.00      0.43
2023-10-05 11:06:00,596 [INFO] price_array: 72540
2023-10-05 11:06:00,599 [INFO] | load actor from: ./trained_models/trainer5-f2070-steps-200000[256, 128]-2019-01-01/actor.pth
2023-10-05 11:06:11,246 [INFO] Test Finished!
2023-10-05 11:06:11,247 [INFO] episode_return: 1.2669900227303204
2023-10-05 13:27:35,968 [INFO] 
| `step`: Number of samples, or total training steps, or running times of `env.step()`.
| `time`: Time spent from the start of training to this moment.
| `avgR`: Average value of cumulative rewards, which is the sum of rewards in an episode.
| `stdR`: Standard dev of cumulative rewards, which is the sum of rewards in an episode.
| `avgS`: Average of steps in an episode.
| `objC`: Objective of Critic network. Or call it loss function of critic network.
| `objA`: Objective of Actor network. It is the average Q value of the critic network.
|     step      time  |     avgR    stdR    avgS  |     objC      objA
2023-10-05 13:31:55,253 [INFO] | 2.00e+04       259  |    49.87    4.33  200000  |     0.00      0.44
2023-10-05 13:36:05,760 [INFO] | 4.00e+04       510  |    52.54    4.04  200000  |     0.00      0.43
2023-10-05 13:40:12,780 [INFO] | 6.00e+04       757  |    50.66    6.59  200000  |     0.00      0.44
2023-10-05 13:44:13,780 [INFO] | 8.00e+04       998  |    56.89    5.24  200000  |     0.00      0.44
2023-10-05 13:48:13,420 [INFO] | 1.00e+05      1237  |    57.77    5.49  200000  |     0.00      0.43
2023-10-05 13:56:43,815 [INFO] price_array: 72540
2023-10-05 13:56:43,817 [INFO] | load actor from: ./trained_models/trainer5-12298-steps-200000[256, 128]-2019-01-01/actor.pth
2023-10-05 13:56:53,749 [INFO] Test Finished!
2023-10-05 13:56:53,750 [INFO] episode_return: 1.2447993293238866
2023-10-05 14:53:16,639 [INFO] 
| `step`: Number of samples, or total training steps, or running times of `env.step()`.
| `time`: Time spent from the start of training to this moment.
| `avgR`: Average value of cumulative rewards, which is the sum of rewards in an episode.
| `stdR`: Standard dev of cumulative rewards, which is the sum of rewards in an episode.
| `avgS`: Average of steps in an episode.
| `objC`: Objective of Critic network. Or call it loss function of critic network.
| `objA`: Objective of Actor network. It is the average Q value of the critic network.
|     step      time  |     avgR    stdR    avgS  |     objC      objA
2023-10-05 14:57:15,031 [INFO] | 2.00e+04       238  |     0.46    0.72  200000  |     0.00      0.45
2023-10-05 15:01:07,093 [INFO] | 4.00e+04       470  |     0.62    1.65  200000  |     0.00      0.43
2023-10-05 15:05:04,849 [INFO] | 6.00e+04       708  |     0.24    0.54  200000  |     0.00      0.43
2023-10-05 15:09:05,066 [INFO] | 8.00e+04       948  |    -2.02    5.32  200000  |     0.00      0.43
2023-10-05 15:12:48,137 [INFO] | 1.00e+05      1171  |    -9.70    6.73  200000  |     0.00      0.43
2023-10-05 15:21:36,924 [INFO] price_array: 72540
2023-10-05 15:21:36,930 [INFO] | load actor from: ./trained_models/trainer5-60b55-steps-200000[256, 128, 64]-2019-01-01/actor.pth
2023-10-05 15:21:45,925 [INFO] Test Finished!
2023-10-05 15:21:45,926 [INFO] episode_return: 0.9046946525410183
2023-10-05 16:12:46,368 [INFO] 
| `step`: Number of samples, or total training steps, or running times of `env.step()`.
| `time`: Time spent from the start of training to this moment.
| `avgR`: Average value of cumulative rewards, which is the sum of rewards in an episode.
| `stdR`: Standard dev of cumulative rewards, which is the sum of rewards in an episode.
| `avgS`: Average of steps in an episode.
| `objC`: Objective of Critic network. Or call it loss function of critic network.
| `objA`: Objective of Actor network. It is the average Q value of the critic network.
|     step      time  |     avgR    stdR    avgS  |     objC      objA
2023-10-05 16:22:03,525 [INFO] | 2.00e+04       557  |    -5.97    6.60  300000  |     0.00      0.43
2023-10-05 16:30:31,355 [INFO] | 4.00e+04      1065  |    -4.34    8.77  300000  |     0.00      0.44
2023-10-05 16:38:13,361 [INFO] | 6.00e+04      1527  |   -10.17   14.84  300000  |     0.00      0.43
2023-10-05 16:46:03,911 [INFO] | 8.00e+04      1998  |   -30.13    8.77  300000  |     0.00      0.43
2023-10-05 16:54:01,230 [INFO] | 1.00e+05      2475  |   -28.39   28.96  300000  |     0.00      0.41
2023-10-05 17:03:13,600 [INFO] price_array: 72540
2023-10-05 17:03:13,608 [INFO] | load actor from: ./trained_models/trainer5-d4c0d-steps-300000[1024, 512]-2019-01-01/actor.pth
2023-10-05 17:03:25,924 [INFO] Test Finished!
2023-10-05 17:03:25,925 [INFO] episode_return: 0.9135487403336058
2023-10-05 17:58:12,659 [INFO] 
| `step`: Number of samples, or total training steps, or running times of `env.step()`.
| `time`: Time spent from the start of training to this moment.
| `avgR`: Average value of cumulative rewards, which is the sum of rewards in an episode.
| `stdR`: Standard dev of cumulative rewards, which is the sum of rewards in an episode.
| `avgS`: Average of steps in an episode.
| `objC`: Objective of Critic network. Or call it loss function of critic network.
| `objA`: Objective of Actor network. It is the average Q value of the critic network.
|     step      time  |     avgR    stdR    avgS  |     objC      objA
2023-10-05 18:01:58,335 [INFO] | 2.00e+04       226  |     9.87    3.18  200000  |     0.00      0.45
2023-10-05 18:05:44,549 [INFO] | 4.00e+04       452  |     9.61    3.72  200000  |     0.00      0.44
2023-10-05 18:09:26,252 [INFO] | 6.00e+04       674  |    13.65    6.80  200000  |     0.00      0.43
2023-10-05 18:13:21,101 [INFO] | 8.00e+04       908  |    17.01    4.27  200000  |     0.00      0.42
2023-10-05 18:17:05,716 [INFO] | 1.00e+05      1133  |    12.86    7.13  200000  |     0.00      0.43
2023-10-05 18:25:53,315 [INFO] price_array: 72540
2023-10-05 18:25:53,319 [INFO] | load actor from: ./trained_models/trainer5-1d976-steps-200000[256, 128]-2019-01-01/actor.pth
2023-10-05 18:26:02,834 [INFO] Test Finished!
2023-10-05 18:26:02,834 [INFO] episode_return: 0.970387280763926
2023-10-05 19:20:22,114 [INFO] 
| `step`: Number of samples, or total training steps, or running times of `env.step()`.
| `time`: Time spent from the start of training to this moment.
| `avgR`: Average value of cumulative rewards, which is the sum of rewards in an episode.
| `stdR`: Standard dev of cumulative rewards, which is the sum of rewards in an episode.
| `avgS`: Average of steps in an episode.
| `objC`: Objective of Critic network. Or call it loss function of critic network.
| `objA`: Objective of Actor network. It is the average Q value of the critic network.
|     step      time  |     avgR    stdR    avgS  |     objC      objA
2023-10-05 19:22:16,501 [INFO] | 2.00e+04       114  |    -0.05    0.03  100000  |     0.00      0.42
2023-10-05 19:24:12,678 [INFO] | 4.00e+04       231  |    -0.07    0.02  100000  |     0.00      0.42
2023-10-05 19:26:06,967 [INFO] | 6.00e+04       345  |    -0.06    0.03  100000  |     0.00      0.42
2023-10-05 19:28:01,923 [INFO] | 8.00e+04       460  |    -0.08    0.05  100000  |     0.00      0.43
2023-10-05 19:29:53,640 [INFO] | 1.00e+05       572  |    -0.07    0.05  100000  |     0.00      0.43
2023-10-05 19:39:20,352 [INFO] price_array: 72540
2023-10-05 19:39:20,355 [INFO] | load actor from: ./trained_models/trainer5-797be-steps-100000[256, 128, 64]-2019-01-01/actor.pth
2023-10-05 19:39:29,695 [INFO] Test Finished!
2023-10-05 19:39:29,696 [INFO] episode_return: 1.2749810967997552
2023-10-05 20:33:15,522 [INFO] 
| `step`: Number of samples, or total training steps, or running times of `env.step()`.
| `time`: Time spent from the start of training to this moment.
| `avgR`: Average value of cumulative rewards, which is the sum of rewards in an episode.
| `stdR`: Standard dev of cumulative rewards, which is the sum of rewards in an episode.
| `avgS`: Average of steps in an episode.
| `objC`: Objective of Critic network. Or call it loss function of critic network.
| `objA`: Objective of Actor network. It is the average Q value of the critic network.
|     step      time  |     avgR    stdR    avgS  |     objC      objA
2023-10-05 20:41:32,674 [INFO] | 2.00e+04       497  |   -26.71   17.49  300000  |     0.00      0.43
2023-10-05 20:49:13,975 [INFO] | 4.00e+04       958  |   -25.05    6.71  300000  |     0.00      0.43
2023-10-05 20:56:52,849 [INFO] | 6.00e+04      1417  |   -28.34    9.19  300000  |     0.00      0.43
2023-10-05 21:04:25,644 [INFO] | 8.00e+04      1870  |   -32.06   11.99  300000  |     0.00      0.41
2023-10-05 21:11:58,262 [INFO] | 1.00e+05      2323  |   -34.58   15.12  300000  |     0.00      0.43
2023-10-05 21:22:04,213 [INFO] price_array: 72540
2023-10-05 21:22:04,220 [INFO] | load actor from: ./trained_models/trainer5-35d9c-steps-300000[1024, 512]-2019-01-01/actor.pth
2023-10-05 21:22:15,585 [INFO] Test Finished!
2023-10-05 21:22:15,586 [INFO] episode_return: 1.1900338027658979
2023-10-05 22:18:30,014 [INFO] 
| `step`: Number of samples, or total training steps, or running times of `env.step()`.
| `time`: Time spent from the start of training to this moment.
| `avgR`: Average value of cumulative rewards, which is the sum of rewards in an episode.
| `stdR`: Standard dev of cumulative rewards, which is the sum of rewards in an episode.
| `avgS`: Average of steps in an episode.
| `objC`: Objective of Critic network. Or call it loss function of critic network.
| `objA`: Objective of Actor network. It is the average Q value of the critic network.
|     step      time  |     avgR    stdR    avgS  |     objC      objA
2023-10-05 22:22:45,087 [INFO] | 2.00e+04       255  |    -2.09    4.51  200000  |     0.00      0.42
2023-10-05 22:27:04,066 [INFO] | 4.00e+04       514  |    -4.46    4.32  200000  |     0.00      0.42
2023-10-05 22:31:27,407 [INFO] | 6.00e+04       777  |    -7.78    2.52  200000  |     0.00      0.43
2023-10-05 22:35:45,681 [INFO] | 8.00e+04      1036  |    -4.25    4.04  200000  |     0.00      0.43
2023-10-05 22:40:00,808 [INFO] | 1.00e+05      1291  |    -5.13    6.38  200000  |     0.00      0.43
2023-10-05 22:49:52,856 [INFO] price_array: 72540
2023-10-05 22:49:52,860 [INFO] | load actor from: ./trained_models/trainer5-f854f-steps-200000[256, 128]-2019-01-01/actor.pth
2023-10-05 22:50:02,622 [INFO] Test Finished!
2023-10-05 22:50:02,623 [INFO] episode_return: 1.4395571336486859
2023-10-07 22:05:59,307 [INFO] 
| `step`: Number of samples, or total training steps, or running times of `env.step()`.
| `time`: Time spent from the start of training to this moment.
| `avgR`: Average value of cumulative rewards, which is the sum of rewards in an episode.
| `stdR`: Standard dev of cumulative rewards, which is the sum of rewards in an episode.
| `avgS`: Average of steps in an episode.
| `objC`: Objective of Critic network. Or call it loss function of critic network.
| `objA`: Objective of Actor network. It is the average Q value of the critic network.
|     step      time  |     avgR    stdR    avgS  |     objC      objA
2023-10-07 22:10:35,928 [INFO] | 2.00e+04       277  |    -6.57    3.17  200000  |     0.00      0.44
2023-10-07 22:23:08,844 [INFO] 
| `step`: Number of samples, or total training steps, or running times of `env.step()`.
| `time`: Time spent from the start of training to this moment.
| `avgR`: Average value of cumulative rewards, which is the sum of rewards in an episode.
| `stdR`: Standard dev of cumulative rewards, which is the sum of rewards in an episode.
| `avgS`: Average of steps in an episode.
| `objC`: Objective of Critic network. Or call it loss function of critic network.
| `objA`: Objective of Actor network. It is the average Q value of the critic network.
|     step      time  |     avgR    stdR    avgS  |     objC      objA
2023-10-07 22:29:28,395 [INFO] 
| `step`: Number of samples, or total training steps, or running times of `env.step()`.
| `time`: Time spent from the start of training to this moment.
| `avgR`: Average value of cumulative rewards, which is the sum of rewards in an episode.
| `stdR`: Standard dev of cumulative rewards, which is the sum of rewards in an episode.
| `avgS`: Average of steps in an episode.
| `objC`: Objective of Critic network. Or call it loss function of critic network.
| `objA`: Objective of Actor network. It is the average Q value of the critic network.
|     step      time  |     avgR    stdR    avgS  |     objC      objA
2023-10-07 22:33:48,794 [INFO] | 2.00e+04       260  |     5.49    2.32  200000  |     0.00      0.43
2023-10-07 22:38:23,172 [INFO] | 4.00e+04       535  |     4.91    3.39  200000  |     0.00      0.43
2023-10-07 22:43:01,207 [INFO] | 6.00e+04       813  |     4.83    3.06  200000  |     0.00      0.43
2023-10-07 22:43:36,893 [INFO] 
| `step`: Number of samples, or total training steps, or running times of `env.step()`.
| `time`: Time spent from the start of training to this moment.
| `avgR`: Average value of cumulative rewards, which is the sum of rewards in an episode.
| `stdR`: Standard dev of cumulative rewards, which is the sum of rewards in an episode.
| `avgS`: Average of steps in an episode.
| `objC`: Objective of Critic network. Or call it loss function of critic network.
| `objA`: Objective of Actor network. It is the average Q value of the critic network.
|     step      time  |     avgR    stdR    avgS  |     objC      objA
2023-10-07 23:04:21,155 [INFO] 
| `step`: Number of samples, or total training steps, or running times of `env.step()`.
| `time`: Time spent from the start of training to this moment.
| `avgR`: Average value of cumulative rewards, which is the sum of rewards in an episode.
| `stdR`: Standard dev of cumulative rewards, which is the sum of rewards in an episode.
| `avgS`: Average of steps in an episode.
| `objC`: Objective of Critic network. Or call it loss function of critic network.
| `objA`: Objective of Actor network. It is the average Q value of the critic network.
|     step      time  |     avgR    stdR    avgS  |     objC      objA
2023-10-07 23:08:40,043 [INFO] | 2.00e+04       259  |     5.80    9.66  200000  |     0.00      0.43
2023-10-07 23:13:13,150 [INFO] | 4.00e+04       532  |     2.88    7.05  200000  |     0.00      0.43
2023-10-07 23:25:57,019 [INFO] Connection established by trainer5
2023-10-07 23:25:57,020 [INFO] Successfully joined room!
2023-10-07 23:26:25,602 [INFO] 
| `step`: Number of samples, or total training steps, or running times of `env.step()`.
| `time`: Time spent from the start of training to this moment.
| `avgR`: Average value of cumulative rewards, which is the sum of rewards in an episode.
| `stdR`: Standard dev of cumulative rewards, which is the sum of rewards in an episode.
| `avgS`: Average of steps in an episode.
| `objC`: Objective of Critic network. Or call it loss function of critic network.
| `objA`: Objective of Actor network. It is the average Q value of the critic network.
|     step      time  |     avgR    stdR    avgS  |     objC      objA
2023-10-07 23:30:40,649 [INFO] | 2.00e+04       255  |    16.76    5.47  200000  |     0.00      0.44
2023-10-07 23:37:20,170 [INFO] Connection established by trainer5
2023-10-07 23:37:20,171 [INFO] Successfully joined room!
2023-10-07 23:37:48,770 [INFO] 
| `step`: Number of samples, or total training steps, or running times of `env.step()`.
| `time`: Time spent from the start of training to this moment.
| `avgR`: Average value of cumulative rewards, which is the sum of rewards in an episode.
| `stdR`: Standard dev of cumulative rewards, which is the sum of rewards in an episode.
| `avgS`: Average of steps in an episode.
| `objC`: Objective of Critic network. Or call it loss function of critic network.
| `objA`: Objective of Actor network. It is the average Q value of the critic network.
|     step      time  |     avgR    stdR    avgS  |     objC      objA
2023-10-07 23:42:03,185 [INFO] | 2.00e+04       254  |    -0.63    0.97  200000  |     0.00      0.42
2023-10-07 23:52:26,199 [INFO] Connection established by trainer5
2023-10-07 23:52:26,199 [INFO] Successfully joined room!
2023-10-07 23:53:08,762 [INFO] 
| `step`: Number of samples, or total training steps, or running times of `env.step()`.
| `time`: Time spent from the start of training to this moment.
| `avgR`: Average value of cumulative rewards, which is the sum of rewards in an episode.
| `stdR`: Standard dev of cumulative rewards, which is the sum of rewards in an episode.
| `avgS`: Average of steps in an episode.
| `objC`: Objective of Critic network. Or call it loss function of critic network.
| `objA`: Objective of Actor network. It is the average Q value of the critic network.
|     step      time  |     avgR    stdR    avgS  |     objC      objA
2023-10-08 00:01:31,898 [INFO] | 2.00e+04       503  |    10.63    4.50  400000  |     0.00      0.42
2023-10-08 00:10:12,424 [INFO] | 4.00e+04      1024  |     6.17    3.21  400000  |     0.00      0.44
2023-10-08 00:18:43,901 [INFO] | 6.00e+04      1535  |     8.82    1.62  400000  |     0.00      0.45
2023-10-08 00:18:43,903 [INFO] Received termination signal for trainer5. Exiting...
2023-10-08 00:18:48,460 [INFO] Connection established by trainer5
2023-10-08 00:18:48,461 [INFO] Successfully joined room!
2023-10-08 00:19:33,822 [INFO] 
| `step`: Number of samples, or total training steps, or running times of `env.step()`.
| `time`: Time spent from the start of training to this moment.
| `avgR`: Average value of cumulative rewards, which is the sum of rewards in an episode.
| `stdR`: Standard dev of cumulative rewards, which is the sum of rewards in an episode.
| `avgS`: Average of steps in an episode.
| `objC`: Objective of Critic network. Or call it loss function of critic network.
| `objA`: Objective of Actor network. It is the average Q value of the critic network.
|     step      time  |     avgR    stdR    avgS  |     objC      objA
2023-10-08 00:32:04,873 [INFO] | 2.00e+04       751  |    12.61   10.14  400000  |     0.00      0.43
2023-10-08 00:44:32,414 [INFO] | 4.00e+04      1499  |     8.57    4.75  400000  |     0.00      0.43
2023-10-08 00:57:53,693 [INFO] | 6.00e+04      2300  |    -0.18    2.66  400000  |     0.00      0.44
2023-10-08 00:57:53,698 [INFO] Received termination signal for trainer5. Exiting...
2023-10-08 00:57:58,152 [INFO] Connection established by trainer5
2023-10-08 00:57:58,152 [INFO] Successfully joined room!
2023-10-08 00:58:42,742 [INFO] 
| `step`: Number of samples, or total training steps, or running times of `env.step()`.
| `time`: Time spent from the start of training to this moment.
| `avgR`: Average value of cumulative rewards, which is the sum of rewards in an episode.
| `stdR`: Standard dev of cumulative rewards, which is the sum of rewards in an episode.
| `avgS`: Average of steps in an episode.
| `objC`: Objective of Critic network. Or call it loss function of critic network.
| `objA`: Objective of Actor network. It is the average Q value of the critic network.
|     step      time  |     avgR    stdR    avgS  |     objC      objA
2023-10-08 01:05:28,030 [INFO] | 2.00e+04       405  |     2.88    3.09  300000  |     0.00      0.42
2023-10-08 01:11:53,826 [INFO] | 4.00e+04       791  |     0.35    0.56  300000  |     0.00      0.44
2023-10-08 01:18:29,849 [INFO] | 6.00e+04      1187  |     0.02    0.31  300000  |     0.00      0.43
2023-10-08 01:18:29,852 [INFO] Received termination signal for trainer5. Exiting...
2023-10-08 01:18:34,326 [INFO] Connection established by trainer5
2023-10-08 01:18:34,326 [INFO] Successfully joined room!
2023-10-08 01:19:20,852 [INFO] 
| `step`: Number of samples, or total training steps, or running times of `env.step()`.
| `time`: Time spent from the start of training to this moment.
| `avgR`: Average value of cumulative rewards, which is the sum of rewards in an episode.
| `stdR`: Standard dev of cumulative rewards, which is the sum of rewards in an episode.
| `avgS`: Average of steps in an episode.
| `objC`: Objective of Critic network. Or call it loss function of critic network.
| `objA`: Objective of Actor network. It is the average Q value of the critic network.
|     step      time  |     avgR    stdR    avgS  |     objC      objA
2023-10-08 01:28:07,049 [INFO] | 2.00e+04       526  |     3.77    2.23  400000  |     0.00      0.44
2023-10-08 01:36:58,499 [INFO] | 4.00e+04      1058  |     2.68    4.82  400000  |     0.00      0.42
2023-10-08 01:45:35,095 [INFO] | 6.00e+04      1574  |     1.05    4.18  400000  |     0.00      0.43
2023-10-08 01:45:35,098 [INFO] Received termination signal for trainer5. Exiting...
2023-10-08 01:45:39,584 [INFO] Connection established by trainer5
2023-10-08 01:45:39,584 [INFO] Successfully joined room!
2023-10-08 01:46:26,525 [INFO] 
| `step`: Number of samples, or total training steps, or running times of `env.step()`.
| `time`: Time spent from the start of training to this moment.
| `avgR`: Average value of cumulative rewards, which is the sum of rewards in an episode.
| `stdR`: Standard dev of cumulative rewards, which is the sum of rewards in an episode.
| `avgS`: Average of steps in an episode.
| `objC`: Objective of Critic network. Or call it loss function of critic network.
| `objA`: Objective of Actor network. It is the average Q value of the critic network.
|     step      time  |     avgR    stdR    avgS  |     objC      objA
2023-10-08 01:59:53,915 [INFO] | 2.00e+04       807  |    10.56    5.18  400000  |     0.00      0.43
2023-10-08 02:13:26,833 [INFO] | 4.00e+04      1620  |     7.42    2.55  400000  |     0.00      0.44
2023-10-08 02:24:48,804 [INFO] | 6.00e+04      2302  |     4.39    3.29  400000  |     0.00      0.43
2023-10-08 02:24:48,808 [INFO] Received termination signal for trainer5. Exiting...
2023-10-08 02:24:53,346 [INFO] Connection established by trainer5
2023-10-08 02:24:53,346 [INFO] Successfully joined room!
2023-10-08 02:25:38,574 [INFO] 
| `step`: Number of samples, or total training steps, or running times of `env.step()`.
| `time`: Time spent from the start of training to this moment.
| `avgR`: Average value of cumulative rewards, which is the sum of rewards in an episode.
| `stdR`: Standard dev of cumulative rewards, which is the sum of rewards in an episode.
| `avgS`: Average of steps in an episode.
| `objC`: Objective of Critic network. Or call it loss function of critic network.
| `objA`: Objective of Actor network. It is the average Q value of the critic network.
|     step      time  |     avgR    stdR    avgS  |     objC      objA
2023-10-08 02:35:13,062 [INFO] | 2.00e+04       574  |    10.76    9.30  400000  |     0.00      0.42
2023-10-08 02:44:40,121 [INFO] | 4.00e+04      1142  |   -17.86   13.88  400000  |     0.00      0.44
2023-10-08 02:54:06,187 [INFO] | 6.00e+04      1708  |   -12.46   17.80  400000  |     0.00      0.42
2023-10-08 02:54:06,192 [INFO] Received termination signal for trainer5. Exiting...
2023-10-08 02:54:10,646 [INFO] Connection established by trainer5
2023-10-08 02:54:10,647 [INFO] Successfully joined room!
2023-10-08 02:54:56,928 [INFO] 
| `step`: Number of samples, or total training steps, or running times of `env.step()`.
| `time`: Time spent from the start of training to this moment.
| `avgR`: Average value of cumulative rewards, which is the sum of rewards in an episode.
| `stdR`: Standard dev of cumulative rewards, which is the sum of rewards in an episode.
| `avgS`: Average of steps in an episode.
| `objC`: Objective of Critic network. Or call it loss function of critic network.
| `objA`: Objective of Actor network. It is the average Q value of the critic network.
|     step      time  |     avgR    stdR    avgS  |     objC      objA
2023-10-08 03:06:56,741 [INFO] | 2.00e+04       720  |     0.16    5.29  500000  |     0.00      0.41
2023-10-08 03:18:57,303 [INFO] | 4.00e+04      1440  |     5.76    5.15  500000  |     0.00      0.43
2023-10-08 03:30:50,148 [INFO] | 6.00e+04      2153  |     6.87    8.09  500000  |     0.00      0.41
2023-10-08 03:30:50,153 [INFO] Received termination signal for trainer5. Exiting...
2023-10-08 03:30:54,656 [INFO] Connection established by trainer5
2023-10-08 03:30:54,656 [INFO] Successfully joined room!
2023-10-08 03:31:39,237 [INFO] 
| `step`: Number of samples, or total training steps, or running times of `env.step()`.
| `time`: Time spent from the start of training to this moment.
| `avgR`: Average value of cumulative rewards, which is the sum of rewards in an episode.
| `stdR`: Standard dev of cumulative rewards, which is the sum of rewards in an episode.
| `avgS`: Average of steps in an episode.
| `objC`: Objective of Critic network. Or call it loss function of critic network.
| `objA`: Objective of Actor network. It is the average Q value of the critic network.
|     step      time  |     avgR    stdR    avgS  |     objC      objA
2023-10-08 03:41:53,426 [INFO] | 2.00e+04       614  |   -14.67    9.66  500000  |     0.00      0.40
2023-10-08 03:52:39,574 [INFO] | 4.00e+04      1260  |   -20.99    7.02  500000  |     0.00      0.42
2023-10-08 04:03:17,264 [INFO] | 6.00e+04      1898  |   -16.12    6.31  500000  |     0.00      0.42
2023-10-08 04:03:17,269 [INFO] Received termination signal for trainer5. Exiting...
2023-10-08 04:03:21,761 [INFO] Connection established by trainer5
2023-10-08 04:03:21,762 [INFO] Successfully joined room!
2023-10-08 04:04:08,294 [INFO] 
| `step`: Number of samples, or total training steps, or running times of `env.step()`.
| `time`: Time spent from the start of training to this moment.
| `avgR`: Average value of cumulative rewards, which is the sum of rewards in an episode.
| `stdR`: Standard dev of cumulative rewards, which is the sum of rewards in an episode.
| `avgS`: Average of steps in an episode.
| `objC`: Objective of Critic network. Or call it loss function of critic network.
| `objA`: Objective of Actor network. It is the average Q value of the critic network.
|     step      time  |     avgR    stdR    avgS  |     objC      objA
2023-10-08 04:12:36,469 [INFO] | 2.00e+04       508  |    11.60    3.90  400000  |     0.01      0.44
2023-10-08 04:20:59,526 [INFO] | 4.00e+04      1011  |    13.45    4.33  400000  |     0.01      0.44
2023-10-08 04:29:18,837 [INFO] | 6.00e+04      1511  |    14.35    4.00  400000  |     0.00      0.44
2023-10-08 04:29:18,842 [INFO] Received termination signal for trainer5. Exiting...
2023-10-08 04:29:23,254 [INFO] Connection established by trainer5
2023-10-08 04:29:23,254 [INFO] Successfully joined room!
2023-10-08 04:30:09,111 [INFO] 
| `step`: Number of samples, or total training steps, or running times of `env.step()`.
| `time`: Time spent from the start of training to this moment.
| `avgR`: Average value of cumulative rewards, which is the sum of rewards in an episode.
| `stdR`: Standard dev of cumulative rewards, which is the sum of rewards in an episode.
| `avgS`: Average of steps in an episode.
| `objC`: Objective of Critic network. Or call it loss function of critic network.
| `objA`: Objective of Actor network. It is the average Q value of the critic network.
|     step      time  |     avgR    stdR    avgS  |     objC      objA
2023-10-08 04:46:26,928 [INFO] | 2.00e+04       978  |   -39.75   15.77  500000  |     0.00      0.43
2023-10-08 05:03:53,137 [INFO] | 4.00e+04      2024  |   -28.13   18.24  500000  |     0.00      0.41
2023-10-08 05:20:04,100 [INFO] | 6.00e+04      2995  |   -44.12   16.63  500000  |     0.00      0.43
2023-10-08 05:20:04,106 [INFO] Received termination signal for trainer5. Exiting...
2023-10-08 05:20:08,561 [INFO] Connection established by trainer5
2023-10-08 05:20:08,562 [INFO] Successfully joined room!
2023-10-08 05:20:55,067 [INFO] 
| `step`: Number of samples, or total training steps, or running times of `env.step()`.
| `time`: Time spent from the start of training to this moment.
| `avgR`: Average value of cumulative rewards, which is the sum of rewards in an episode.
| `stdR`: Standard dev of cumulative rewards, which is the sum of rewards in an episode.
| `avgS`: Average of steps in an episode.
| `objC`: Objective of Critic network. Or call it loss function of critic network.
| `objA`: Objective of Actor network. It is the average Q value of the critic network.
|     step      time  |     avgR    stdR    avgS  |     objC      objA
2023-10-08 05:31:34,790 [INFO] | 2.00e+04       640  |   -18.52    6.34  500000  |     0.00      0.44
2023-10-08 05:42:06,900 [INFO] | 4.00e+04      1272  |   -25.80    9.24  500000  |     0.00      0.43
2023-10-08 05:52:31,153 [INFO] | 6.00e+04      1896  |   -23.98    6.12  500000  |     0.00      0.43
2023-10-08 05:52:31,159 [INFO] Received termination signal for trainer5. Exiting...
2023-10-08 05:52:35,494 [INFO] Connection established by trainer5
2023-10-08 05:52:35,495 [INFO] Successfully joined room!
2023-10-08 05:53:21,598 [INFO] 
| `step`: Number of samples, or total training steps, or running times of `env.step()`.
| `time`: Time spent from the start of training to this moment.
| `avgR`: Average value of cumulative rewards, which is the sum of rewards in an episode.
| `stdR`: Standard dev of cumulative rewards, which is the sum of rewards in an episode.
| `avgS`: Average of steps in an episode.
| `objC`: Objective of Critic network. Or call it loss function of critic network.
| `objA`: Objective of Actor network. It is the average Q value of the critic network.
|     step      time  |     avgR    stdR    avgS  |     objC      objA
2023-10-08 06:10:41,031 [INFO] | 2.00e+04      1039  |     7.03    3.94  500000  |     0.00      0.43
2023-10-08 06:28:14,599 [INFO] | 4.00e+04      2093  |     4.53    2.79  500000  |     0.00      0.44
2023-10-08 06:43:09,073 [INFO] | 6.00e+04      2987  |     7.93    3.51  500000  |     0.00      0.43
2023-10-08 06:43:09,079 [INFO] Received termination signal for trainer5. Exiting...
2023-10-08 06:43:13,384 [INFO] Connection established by trainer5
2023-10-08 06:43:13,385 [INFO] Successfully joined room!
2023-10-08 06:43:58,480 [INFO] 
| `step`: Number of samples, or total training steps, or running times of `env.step()`.
| `time`: Time spent from the start of training to this moment.
| `avgR`: Average value of cumulative rewards, which is the sum of rewards in an episode.
| `stdR`: Standard dev of cumulative rewards, which is the sum of rewards in an episode.
| `avgS`: Average of steps in an episode.
| `objC`: Objective of Critic network. Or call it loss function of critic network.
| `objA`: Objective of Actor network. It is the average Q value of the critic network.
|     step      time  |     avgR    stdR    avgS  |     objC      objA
2023-10-08 06:50:23,701 [INFO] | 2.00e+04       385  |     0.52    0.57  300000  |     0.00      0.43
2023-10-08 06:56:54,806 [INFO] | 4.00e+04       776  |     0.17    0.41  300000  |     0.00      0.43
2023-10-08 07:03:15,772 [INFO] | 6.00e+04      1157  |     0.04    0.27  300000  |     0.00      0.43
2023-10-08 07:03:15,774 [INFO] Received termination signal for trainer5. Exiting...
2023-10-08 07:03:20,222 [INFO] Connection established by trainer5
2023-10-08 07:03:20,222 [INFO] Successfully joined room!
2023-10-08 07:04:06,560 [INFO] 
| `step`: Number of samples, or total training steps, or running times of `env.step()`.
| `time`: Time spent from the start of training to this moment.
| `avgR`: Average value of cumulative rewards, which is the sum of rewards in an episode.
| `stdR`: Standard dev of cumulative rewards, which is the sum of rewards in an episode.
| `avgS`: Average of steps in an episode.
| `objC`: Objective of Critic network. Or call it loss function of critic network.
| `objA`: Objective of Actor network. It is the average Q value of the critic network.
|     step      time  |     avgR    stdR    avgS  |     objC      objA
2023-10-08 07:12:55,700 [INFO] | 2.00e+04       529  |     1.03    2.61  400000  |     0.00      0.43
2023-10-08 07:21:44,211 [INFO] | 4.00e+04      1058  |     0.71    1.34  400000  |     0.00      0.42
2023-10-08 07:30:42,440 [INFO] | 6.00e+04      1596  |    -0.10    1.46  400000  |     0.00      0.42
2023-10-08 07:30:42,446 [INFO] Received termination signal for trainer5. Exiting...
2023-10-08 07:30:47,066 [INFO] Connection established by trainer5
2023-10-08 07:30:47,067 [INFO] Successfully joined room!
2023-10-08 07:31:33,443 [INFO] 
| `step`: Number of samples, or total training steps, or running times of `env.step()`.
| `time`: Time spent from the start of training to this moment.
| `avgR`: Average value of cumulative rewards, which is the sum of rewards in an episode.
| `stdR`: Standard dev of cumulative rewards, which is the sum of rewards in an episode.
| `avgS`: Average of steps in an episode.
| `objC`: Objective of Critic network. Or call it loss function of critic network.
| `objA`: Objective of Actor network. It is the average Q value of the critic network.
|     step      time  |     avgR    stdR    avgS  |     objC      objA
2023-10-08 07:43:07,454 [INFO] | 2.00e+04       694  |     0.01    0.04  300000  |     0.00      0.43
2023-10-08 07:54:39,580 [INFO] | 4.00e+04      1386  |     0.01    0.03  300000  |     0.00      0.43
2023-10-08 08:05:46,353 [INFO] | 6.00e+04      2053  |    -0.06    0.04  300000  |     0.00      0.44
2023-10-08 08:05:46,357 [INFO] Received termination signal for trainer5. Exiting...
2023-10-08 08:05:50,805 [INFO] Connection established by trainer5
2023-10-08 08:05:50,806 [INFO] Successfully joined room!
2023-10-08 08:06:37,623 [INFO] 
| `step`: Number of samples, or total training steps, or running times of `env.step()`.
| `time`: Time spent from the start of training to this moment.
| `avgR`: Average value of cumulative rewards, which is the sum of rewards in an episode.
| `stdR`: Standard dev of cumulative rewards, which is the sum of rewards in an episode.
| `avgS`: Average of steps in an episode.
| `objC`: Objective of Critic network. Or call it loss function of critic network.
| `objA`: Objective of Actor network. It is the average Q value of the critic network.
|     step      time  |     avgR    stdR    avgS  |     objC      objA
2023-10-08 08:15:17,506 [INFO] | 2.00e+04       520  |    -4.10    1.50  400000  |     0.00      0.43
2023-10-08 08:23:46,034 [INFO] | 4.00e+04      1028  |    -3.23    2.70  400000  |     0.00      0.43
2023-10-08 08:32:30,850 [INFO] | 6.00e+04      1553  |    -6.97    2.90  400000  |     0.00      0.44
2023-10-08 08:32:30,853 [INFO] Received termination signal for trainer5. Exiting...
2023-10-08 08:32:35,315 [INFO] Connection established by trainer5
2023-10-08 08:32:35,315 [INFO] Successfully joined room!
2023-10-08 08:33:21,148 [INFO] 
| `step`: Number of samples, or total training steps, or running times of `env.step()`.
| `time`: Time spent from the start of training to this moment.
| `avgR`: Average value of cumulative rewards, which is the sum of rewards in an episode.
| `stdR`: Standard dev of cumulative rewards, which is the sum of rewards in an episode.
| `avgS`: Average of steps in an episode.
| `objC`: Objective of Critic network. Or call it loss function of critic network.
| `objA`: Objective of Actor network. It is the average Q value of the critic network.
|     step      time  |     avgR    stdR    avgS  |     objC      objA
2023-10-08 08:40:09,974 [INFO] | 2.00e+04       409  |     0.06    0.08  300000  |     0.00      0.44
2023-10-08 08:47:13,495 [INFO] | 4.00e+04       832  |     0.01    0.07  300000  |     0.00      0.42
2023-10-08 08:54:08,092 [INFO] | 6.00e+04      1247  |     0.03    0.08  300000  |     0.00      0.43
2023-10-08 08:54:08,093 [INFO] Received termination signal for trainer5. Exiting...
2023-10-08 08:54:12,217 [INFO] Connection established by trainer5
2023-10-08 08:54:12,218 [INFO] Successfully joined room!
2023-10-08 08:54:57,001 [INFO] 
| `step`: Number of samples, or total training steps, or running times of `env.step()`.
| `time`: Time spent from the start of training to this moment.
| `avgR`: Average value of cumulative rewards, which is the sum of rewards in an episode.
| `stdR`: Standard dev of cumulative rewards, which is the sum of rewards in an episode.
| `avgS`: Average of steps in an episode.
| `objC`: Objective of Critic network. Or call it loss function of critic network.
| `objA`: Objective of Actor network. It is the average Q value of the critic network.
|     step      time  |     avgR    stdR    avgS  |     objC      objA
2023-10-08 09:05:29,158 [INFO] | 2.00e+04       632  |    -0.08    0.07  300000  |     0.00      0.43
2023-10-08 09:15:39,012 [INFO] | 4.00e+04      1242  |    -0.05    0.11  300000  |     0.00      0.42
2023-10-08 09:25:35,759 [INFO] | 6.00e+04      1839  |    -0.11    0.09  300000  |     0.00      0.43
2023-10-08 09:25:35,763 [INFO] Received termination signal for trainer5. Exiting...
2023-10-08 09:25:40,308 [INFO] Connection established by trainer5
2023-10-08 09:25:40,309 [INFO] Successfully joined room!
2023-10-08 09:26:28,010 [INFO] 
| `step`: Number of samples, or total training steps, or running times of `env.step()`.
| `time`: Time spent from the start of training to this moment.
| `avgR`: Average value of cumulative rewards, which is the sum of rewards in an episode.
| `stdR`: Standard dev of cumulative rewards, which is the sum of rewards in an episode.
| `avgS`: Average of steps in an episode.
| `objC`: Objective of Critic network. Or call it loss function of critic network.
| `objA`: Objective of Actor network. It is the average Q value of the critic network.
|     step      time  |     avgR    stdR    avgS  |     objC      objA
2023-10-08 09:38:18,118 [INFO] | 2.00e+04       710  |   -37.69   11.02  500000  |     0.00      0.42
2023-10-08 09:49:34,204 [INFO] | 4.00e+04      1386  |   -44.75    9.39  500000  |     0.00      0.42
2023-10-08 10:00:40,871 [INFO] | 6.00e+04      2053  |   -42.87   13.74  500000  |     0.00      0.43
2023-10-08 10:00:40,875 [INFO] Received termination signal for trainer5. Exiting...
2023-10-08 10:00:45,288 [INFO] Connection established by trainer5
2023-10-08 10:00:45,289 [INFO] Successfully joined room!
2023-10-08 10:01:31,279 [INFO] 
| `step`: Number of samples, or total training steps, or running times of `env.step()`.
| `time`: Time spent from the start of training to this moment.
| `avgR`: Average value of cumulative rewards, which is the sum of rewards in an episode.
| `stdR`: Standard dev of cumulative rewards, which is the sum of rewards in an episode.
| `avgS`: Average of steps in an episode.
| `objC`: Objective of Critic network. Or call it loss function of critic network.
| `objA`: Objective of Actor network. It is the average Q value of the critic network.
|     step      time  |     avgR    stdR    avgS  |     objC      objA
2023-10-08 10:12:38,928 [INFO] | 2.00e+04       668  |     4.47    8.57  500000  |     0.00      0.42
2023-10-08 10:23:54,637 [INFO] | 4.00e+04      1343  |     1.02    6.12  500000  |     0.00      0.43
